Vending Machine
Please enter what product you want to buy[1-3] or select quit[4]:
1. A bottle of water - $1.99
2. A bottle of orange juice - $2.15
3. A bottle of ice tea - $2.49
4. Quit
You made a wrong choice!
Please enter what product you want to buy[1-3] or select quit[4]:
1. A bottle of water - $1.99
2. A bottle of orange juice - $2.15
3. A bottle of ice tea - $2.49
4. Quit
You made a wrong choice!
Please enter what product you want to buy[1-3] or select quit[4]:
1. A bottle of water - $1.99
2. A bottle of orange juice - $2.15
3. A bottle of ice tea - $2.49
4. Quit
Please deposit money (in cents):
Please deposit money (in cents):
Please deposit money (in cents):
Please deposit money (in cents):
Please deposit money (in cents):
Please deposit money (in cents):
Please deposit money (in cents):
You bought a bottle of water.
Your change is:
Nickels - 1
Cents - 1
Please enter what product you want to buy[1-3] or select quit[4]:
1. A bottle of water - $1.99
2. A bottle of orange juice - $2.15
3. A bottle of ice tea - $2.49
4. Quit
Please deposit money (in cents):
Please deposit money (in cents):
Please deposit money (in cents):
Please deposit money (in cents):
You bought a bottle of orange juice.
Please enter what product you want to buy[1-3] or select quit[4]:
1. A bottle of water - $1.99
2. A bottle of orange juice - $2.15
3. A bottle of ice tea - $2.49
4. Quit
Goodbye!
